  Source.cpp
c:\users\ananth\source\repos\raytracingproject\raytracingproject\camera.h(36): warning C4244: 'initializing': conversion from 'double' to 'float', possible loss of data
c:\users\ananth\source\repos\raytracingproject\raytracingproject\hitable_list.h(26): warning C4244: 'argument': conversion from 'double' to 'float', possible loss of data
c:\users\ananth\source\repos\raytracingproject\raytracingproject\texture.h(27): warning C4244: 'initializing': conversion from 'float' to 'int', possible loss of data
c:\users\ananth\source\repos\raytracingproject\raytracingproject\texture.h(28): warning C4244: 'initializing': conversion from 'float' to 'int', possible loss of data
c:\users\ananth\source\repos\raytracingproject\raytracingproject\texture.h(51): warning C4244: 'initializing': conversion from 'float' to 'int', possible loss of data
c:\users\ananth\source\repos\raytracingproject\raytracingproject\texture.h(52): warning C4244: 'initializing': conversion from 'double' to 'int', possible loss of data
c:\users\ananth\source\repos\raytracingproject\raytracingproject\texture.h(57): warning C4244: 'initializing': conversion from 'double' to 'float', possible loss of data
c:\users\ananth\source\repos\raytracingproject\raytracingproject\texture.h(58): warning C4244: 'initializing': conversion from 'double' to 'float', possible loss of data
c:\users\ananth\source\repos\raytracingproject\raytracingproject\texture.h(59): warning C4244: 'initializing': conversion from 'double' to 'float', possible loss of data
c:\users\ananth\source\repos\raytracingproject\raytracingproject\texture.h(79): warning C4244: 'initializing': conversion from 'float' to 'int', possible loss of data
c:\users\ananth\source\repos\raytracingproject\raytracingproject\texture.h(80): warning C4244: 'initializing': conversion from 'double' to 'int', possible loss of data
c:\users\ananth\source\repos\raytracingproject\raytracingproject\texture.h(85): warning C4244: 'initializing': conversion from 'double' to 'float', possible loss of data
c:\users\ananth\source\repos\raytracingproject\raytracingproject\texture.h(86): warning C4244: 'initializing': conversion from 'double' to 'float', possible loss of data
c:\users\ananth\source\repos\raytracingproject\raytracingproject\texture.h(87): warning C4244: 'initializing': conversion from 'double' to 'float', possible loss of data
c:\users\ananth\source\repos\raytracingproject\raytracingproject\material.h(265): warning C4101: 'kt': unreferenced local variable
c:\users\ananth\source\repos\raytracingproject\raytracingproject\sphere.h(26): warning C4244: '=': conversion from 'double' to 'float', possible loss of data
c:\users\ananth\source\repos\raytracingproject\raytracingproject\sphere.h(27): warning C4244: '=': conversion from 'double' to 'float', possible loss of data
c:\users\ananth\source\repos\raytracingproject\raytracingproject\light.h(123): warning C4244: 'initializing': conversion from 'double' to 'float', possible loss of data
c:\users\ananth\source\repos\raytracingproject\raytracingproject\light.h(130): warning C4244: 'initializing': conversion from 'double' to 'float', possible loss of data
c:\users\ananth\source\repos\raytracingproject\raytracingproject\light.h(131): warning C4244: 'initializing': conversion from 'double' to 'float', possible loss of data
c:\users\ananth\source\repos\raytracingproject\raytracingproject\platonic_shapes.h(32): warning C4305: 'argument': truncation from 'double' to 'float'
c:\users\ananth\source\repos\raytracingproject\raytracingproject\source.cpp(48): warning C4305: 'argument': truncation from 'double' to 'float'
c:\users\ananth\source\repos\raytracingproject\raytracingproject\source.cpp(79): warning C4305: 'argument': truncation from 'double' to 'float'
c:\users\ananth\source\repos\raytracingproject\raytracingproject\source.cpp(84): warning C4305: 'argument': truncation from 'double' to 'float'
c:\users\ananth\source\repos\raytracingproject\raytracingproject\source.cpp(98): warning C4305: 'argument': truncation from 'double' to 'float'
c:\users\ananth\source\repos\raytracingproject\raytracingproject\source.cpp(131): warning C4244: 'initializing': conversion from 'double' to 'float', possible loss of data
c:\users\ananth\source\repos\raytracingproject\raytracingproject\source.cpp(132): warning C4244: 'initializing': conversion from 'double' to 'float', possible loss of data
c:\users\ananth\source\repos\raytracingproject\raytracingproject\source.cpp(200): warning C4305: 'argument': truncation from 'double' to 'float'
c:\users\ananth\source\repos\raytracingproject\raytracingproject\source.cpp(202): warning C4305: 'argument': truncation from 'double' to 'float'
c:\users\ananth\source\repos\raytracingproject\raytracingproject\source.cpp(203): warning C4305: 'argument': truncation from 'double' to 'float'
c:\users\ananth\source\repos\raytracingproject\raytracingproject\source.cpp(204): warning C4305: 'argument': truncation from 'double' to 'float'
c:\users\ananth\source\repos\raytracingproject\raytracingproject\source.cpp(205): warning C4305: 'argument': truncation from 'double' to 'float'
c:\users\ananth\source\repos\raytracingproject\raytracingproject\source.cpp(206): warning C4305: 'argument': truncation from 'double' to 'float'
c:\users\ananth\source\repos\raytracingproject\raytracingproject\source.cpp(276): warning C4244: 'initializing': conversion from 'double' to 'float', possible loss of data
c:\users\ananth\source\repos\raytracingproject\raytracingproject\source.cpp(278): warning C4244: '=': conversion from 'double' to 'float', possible loss of data
  RayTracingProject.vcxproj -> C:\Users\Ananth\source\repos\RayTracingProject\Debug\RayTracingProject.exe
